This is pdfeTeX, Version 3.141592-1.21a-2.2 (Web2C 7.5.4) (format=latex 2007.6.14)  18 OCT 2007 12:19
entering extended mode
**docs_wrapper.tex
(./docs_wrapper.tex
LaTeX2e <2003/12/01>
Babel <v3.8d> and hyphenation patterns for american, french, german, ngerman, b
ahasa, basque, bulgarian, catalan, croatian, czech, danish, dutch, esperanto, e
stonian, finnish, greek, icelandic, irish, italian, latin, magyar, norsk, polis
h, portuges, romanian, russian, serbian, slovak, slovene, spanish, swedish, tur
kish, ukrainian, nohyphenation, loaded.
(/usr/share/texmf-tetex/tex/latex/base/report.cls
Document Class: report 2004/02/16 v1.4f Standard LaTeX document class
(/usr/share/texmf-tetex/tex/latex/base/size10.clo
File: size10.clo 2004/02/16 v1.4f Standard LaTeX file (size option)
)
\c@part=\count79
\c@chapter=\count80
\c@section=\count81
\c@subsection=\count82
\c@subsubsection=\count83
\c@paragraph=\count84
\c@subparagraph=\count85
\c@figure=\count86
\c@table=\count87
\abovecaptionskip=\skip41
\belowcaptionskip=\skip42
\bibindent=\dimen102
)
(/usr/share/texmf-tetex/tex/latex/graphics/graphicx.sty
Package: graphicx 1999/02/16 v1.0f Enhanced LaTeX Graphics (DPC,SPQR)

(/usr/share/texmf-tetex/tex/latex/graphics/keyval.sty
Package: keyval 1999/03/16 v1.13 key=value parser (DPC)
\KV@toks@=\toks14
)
(/usr/share/texmf-tetex/tex/latex/graphics/graphics.sty
Package: graphics 2001/07/07 v1.0n Standard LaTeX Graphics (DPC,SPQR)

(/usr/share/texmf-tetex/tex/latex/graphics/trig.sty
Package: trig 1999/03/16 v1.09 sin cos tan (DPC)
)
(/usr/share/texmf-tetex/tex/latex/graphics/graphics.cfg
File: graphics.cfg 2005/02/03 v1.3 graphics configuration of teTeX/TeXLive
)
Package graphics Info: Driver file: dvips.def on input line 80.

(/usr/share/texmf-tetex/tex/latex/graphics/dvips.def
File: dvips.def 1999/02/16 v3.0i Driver-dependant file (DPC,SPQR)
))
\Gin@req@height=\dimen103
\Gin@req@width=\dimen104
)
(/usr/share/texmf-tetex/tex/latex/amsmath/amsmath.sty
Package: amsmath 2000/07/18 v2.13 AMS math features
\@mathmargin=\skip43

For additional information on amsmath, use the `?' option.
(/usr/share/texmf-tetex/tex/latex/amsmath/amstext.sty
Package: amstext 2000/06/29 v2.01

(/usr/share/texmf-tetex/tex/latex/amsmath/amsgen.sty
File: amsgen.sty 1999/11/30 v2.0
\@emptytoks=\toks15
\ex@=\dimen105
))
(/usr/share/texmf-tetex/tex/latex/amsmath/amsbsy.sty
Package: amsbsy 1999/11/29 v1.2d
\pmbraise@=\dimen106
)
(/usr/share/texmf-tetex/tex/latex/amsmath/amsopn.sty
Package: amsopn 1999/12/14 v2.01 operator names
)
\inf@bad=\count88
LaTeX Info: Redefining \frac on input line 211.
\uproot@=\count89
\leftroot@=\count90
LaTeX Info: Redefining \overline on input line 307.
\classnum@=\count91
\DOTSCASE@=\count92
LaTeX Info: Redefining \ldots on input line 379.
LaTeX Info: Redefining \dots on input line 382.
LaTeX Info: Redefining \cdots on input line 467.
\Mathstrutbox@=\box26
\strutbox@=\box27
\big@size=\dimen107
LaTeX Font Info:    Redeclaring font encoding OML on input line 567.
LaTeX Font Info:    Redeclaring font encoding OMS on input line 568.
\macc@depth=\count93
\c@MaxMatrixCols=\count94
\dotsspace@=\muskip10
\c@parentequation=\count95
\dspbrk@lvl=\count96
\tag@help=\toks16
\row@=\count97
\column@=\count98
\maxfields@=\count99
\andhelp@=\toks17
\eqnshift@=\dimen108
\alignsep@=\dimen109
\tagshift@=\dimen110
\tagwidth@=\dimen111
\totwidth@=\dimen112
\lineht@=\dimen113
\@envbody=\toks18
\multlinegap=\skip44
\multlinetaggap=\skip45
\mathdisplay@stack=\toks19
LaTeX Info: Redefining \[ on input line 2666.
LaTeX Info: Redefining \] on input line 2667.
)
(/usr/share/texmf-tetex/tex/latex/rotating/rotating.sty
Package: rotating 1997/09/26 v2.13 Rotation package

(/usr/share/texmf-tetex/tex/latex/base/ifthen.sty
Package: ifthen 2001/05/26 v1.1c Standard LaTeX ifthen package (DPC)
)
\c@r@tfl@t=\count100
\rot@float@box=\box28
)
(/usr/share/texmf-tetex/tex/latex/vmargin/vmargin.sty
Package: vmargin 2004/07/15 V2.5 set document margins (VK)

Package: vmargin 2004/07/15 V2.5 set document margins (VK)
\PaperWidth=\dimen114
\PaperHeight=\dimen115
) (/usr/share/texmf-tetex/tex/latex/natbib/natbib.sty
Package: natbib 2003/06/06 7.1 (PWD)
\bibhang=\skip46
\bibsep=\skip47
LaTeX Info: Redefining \cite on input line 518.
\c@NAT@ctr=\count101
) (./docs_wrapper.aux
(./background.aux) (./install.aux) (./user_management.aux)
(./experiment_management.aux) (./datafile_management.aux) (./parsers.aux)
(./look_and_feel.aux) (./comp_dev.aux))
\openout1 = `docs_wrapper.aux'.

LaTeX Font Info:    Checking defaults for OML/cmm/m/it on input line 22.
LaTeX Font Info:    ... okay on input line 22.
LaTeX Font Info:    Checking defaults for T1/cmr/m/n on input line 22.
LaTeX Font Info:    ... okay on input line 22.
LaTeX Font Info:    Checking defaults for OT1/cmr/m/n on input line 22.
LaTeX Font Info:    ... okay on input line 22.
LaTeX Font Info:    Checking defaults for OMS/cmsy/m/n on input line 22.
LaTeX Font Info:    ... okay on input line 22.
LaTeX Font Info:    Checking defaults for OMX/cmex/m/n on input line 22.
LaTeX Font Info:    ... okay on input line 22.
LaTeX Font Info:    Checking defaults for U/cmr/m/n on input line 22.
LaTeX Font Info:    ... okay on input line 22.
 [1

] (./docs_wrapper.toc
Overfull \hbox (0.61113pt too wide) detected at line 69
 \OT1/cmr/m/n/10 xvii
 []


Overfull \hbox (0.61113pt too wide) detected at line 70
 \OT1/cmr/m/n/10 xvii
 []


Overfull \hbox (0.61113pt too wide) detected at line 100
 \OT1/cmr/m/n/10 xxii
 []


Overfull \hbox (0.61113pt too wide) detected at line 101
 \OT1/cmr/m/n/10 xxii
 []


Overfull \hbox (0.61113pt too wide) detected at line 102
 \OT1/cmr/m/n/10 xxii
 []


Overfull \hbox (0.33336pt too wide) detected at line 103
 \OT1/cmr/m/n/10 xxv
 []


Overfull \hbox (3.11115pt too wide) detected at line 104
 \OT1/cmr/m/n/10 xxvi
 []


Overfull \hbox (5.88893pt too wide) detected at line 105
 \OT1/cmr/m/n/10 xxvii
 []


Overfull \hbox (3.11115pt too wide) detected at line 106
 \OT1/cmr/m/n/10 xxix
 []

[1

]
Overfull \hbox (3.11115pt too wide) detected at line 107
 \OT1/cmr/m/n/10 xxxi
 []


Overfull \hbox (8.66672pt too wide) detected at line 108
 \OT1/cmr/m/n/10 xxxiii
 []

)
\tf@toc=\write3
\openout3 = `docs_wrapper.toc'.

 [2]
\openout2 = `background.aux'.

 (./background.tex
Chapter 1.

Package natbib Warning: Citation `web:catalyst' on page iii undefined on input 
line 30.

[3


]

Package natbib Warning: Citation `web:catb' on page iv undefined on input line 
35.


Package natbib Warning: Citation `web:eufloss' on page iv undefined on input li
ne 35.

File: images/mvc.eps Graphic file (type eps)
<images/mvc.eps> [4]

Package natbib Warning: Citation `GOF' on page v undefined on input line 72.

[5]

Package natbib Warning: Citation `web:cpan' on page vi undefined on input line 
96.

File: images/catalyst-flow.eps Graphic file (type eps)
<images/catalyst-flow.eps>

LaTeX Warning: `h' float specifier changed to `ht'.

[6] [7] [8]
Chapter 2.
) [9

]
\openout2 = `install.aux'.

 (./install.tex [10


] [11]) [12]
\openout2 = `user_management.aux'.

 (./user_management.tex) [13


]
\openout2 = `experiment_management.aux'.


(./experiment_management.tex
Overfull \hbox (46.78346pt too wide) in paragraph at lines 49--50
 [] \OT1/cmr/m/n/10 This is a core com-po-nent de-fined by ROME. It's con-troll
er is in lib/ROME/Controller/CRUD/Experiment.pm
 []

[14


]
Overfull \hbox (5.49452pt too wide) in paragraph at lines 67--68
 \OT1/cmr/m/n/10 If you look at the root/src/crud/experiment/list.tt2 file, whi
ch is the tem-plate used by the search[]like
 []


Overfull \hbox (0.24094pt too wide) in paragraph at lines 67--68
\OT1/cmr/m/n/10 date[]nav() and up-date[]status[]bar on com-ple-tion. These met
h-ods are de-fined in root/static/js/rome.js
 []

[15]) [16]
\openout2 = `datafile_management.aux'.

 (./datafile_management.tex
Chapter 3.
) [17



]
\openout2 = `parsers.aux'.

 (./parsers.tex
Chapter 4.

Overfull \hbox (37.17207pt too wide) in paragraph at lines 8--9
\OT1/cmr/m/n/10 global []\OT1/cmtt/m/n/10 parse \OT1/cmr/m/n/10 ac-tion, which 
checks what parses you have in-stalled (any-thing in the ROME::Controller::Pars
er::*
 []

[18



]
Overfull \hbox (31.21748pt too wide) in paragraph at lines 64--65
[]\OT1/cmr/m/n/10 Create a di-rec-tory for your com-po-nents. This can be any-w
here you like, I tend to use ROME/components.
 []


Overfull \hbox (388.27545pt too wide) in paragraph at lines 109--109
[]\OT1/cmtt/m/n/10 insert into process (name, tmpl_file, description) values ("
ParseAffyExpression", "parse_affy_expression.tt2", 'this is a parser component 
for .CEL files.');[] 
 []


Overfull \hbox (619.27344pt too wide) in paragraph at lines 109--109
[]\OT1/cmtt/m/n/10 insert into parameter (name, process, description) values ('
selected_files', 'ParseAffyExpression', "Reference to an array containing the p
aths (relative to the user's upload directory) to be parsed");[] 
 []


Overfull \hbox (62.77829pt too wide) in paragraph at lines 109--109
[]\OT1/cmtt/m/n/10 insert into process_creates(process,creates,num) values ("Pa
rseAffyExpression", "AffyBatch",1);[] 
 []

[19]) [20]
\openout2 = `look_and_feel.aux'.

 (./look_and_feel.tex
Chapter 5.
[21



]) [22]
\openout2 = `comp_dev.aux'.

 (./comp_dev.tex
Chapter 6.
[23



]

Package natbib Warning: Citation `camel' on page xxiv undefined on input line 7
5.


LaTeX Warning: Reference `sec:overview' on page xxiv undefined on input line 81
.

[24]

LaTeX Warning: Reference `sec:installation' on page xxv undefined on input line
 136.


Overfull \hbox (51.8003pt too wide) in paragraph at lines 163--164
[]\OT1/cmr/m/n/10 The rome[]makenav.pl script will au-to-mat-i-cally make a bac
kup of your cur-rent menu in root/lib/site/nav.bkup,
 []

[25] [26] [27]
Overfull \hbox (8.51085pt too wide) in paragraph at lines 305--306
[]\OT1/cmr/m/n/10 We've re-placed the []\OT1/cmtt/m/n/10 <form> \OT1/cmr/m/n/10
 tag with a call to the cat-a-lyst ob-ject's pro-to-type plu-gin 'form[]remote[
]tag'
 []


Overfull \hbox (99.52797pt too wide) in paragraph at lines 363--363
[]    \OT1/cmtt/m/n/10 "Disallowed characters were used. Letters, numbers, hyph
ens, and underscores and space are okay.",[] 
 []

[28] [29]
Overfull \hbox (76.69469pt too wide) in paragraph at lines 419--420
 \OT1/cmr/m/n/10 So, we have an in-put field with a div un-der-neath it of clas
s 'au-to-com-plete' and id 'fac-tor[]owner[]autocomplete[]choices'.
 []

[30]
Overfull \hbox (30.69464pt too wide) in paragraph at lines 494--495
\OT1/cmr/m/n/10 the fac-tor[]name au-to-com-pleter has been se-lected (the ac-t
ual func-tion - Ajax.Autocompleter.set[]linked[]values
 []


Overfull \hbox (73.2782pt too wide) in paragraph at lines 510--510
[]        \OT1/cmtt/m/n/10 <span style="display: none;" id="factor_description_
update">[%factor.description%]</span>[] 
 []


Overfull \hbox (57.52834pt too wide) in paragraph at lines 510--510
[]        \OT1/cmtt/m/n/10 <span style="display: none;" id="factor_owner_update
">[%factor.owner.username%]</span>[] 
 []

[31]
Overfull \hbox (76.69469pt too wide) in paragraph at lines 538--539
 \OT1/cmr/m/n/10 So, we have an in-put field with a div un-der-neath it of clas
s 'au-to-com-plete' and id 'fac-tor[]owner[]autocomplete[]choices'.
 []

[32]
Overfull \hbox (30.69464pt too wide) in paragraph at lines 613--614
\OT1/cmr/m/n/10 the fac-tor[]name au-to-com-pleter has been se-lected (the ac-t
ual func-tion - Ajax.Autocompleter.set[]linked[]values
 []


Overfull \hbox (73.2782pt too wide) in paragraph at lines 629--629
[]        \OT1/cmtt/m/n/10 <span style="display: none;" id="factor_description_
update">[%factor.description%]</span>[] 
 []


Overfull \hbox (57.52834pt too wide) in paragraph at lines 629--629
[]        \OT1/cmtt/m/n/10 <span style="display: none;" id="factor_owner_update
">[%factor.owner.username%]</span>[] 
 []

[33]) [34] (./docs_wrapper.bbl)

Package natbib Warning: There were undefined citations.

(./docs_wrapper.aux (./background.aux) (./install.aux) (./user_management.aux)
(./experiment_management.aux) (./datafile_management.aux) (./parsers.aux)
(./look_and_feel.aux) (./comp_dev.aux))

LaTeX Warning: There were undefined references.


LaTeX Warning: Label(s) may have changed. Rerun to get cross-references right.

 ) 
Here is how much of TeX's memory you used:
 1668 strings out of 94501
 19585 string characters out of 1175811
 78356 words of memory out of 1000000
 4792 multiletter control sequences out of 10000+50000
 10749 words of font info for 39 fonts, out of 500000 for 2000
 580 hyphenation exceptions out of 8191
 27i,6n,28p,1388b,261s stack positions out of 1500i,500n,5000p,200000b,5000s

Output written on docs_wrapper.dvi (35 pages, 110704 bytes).
